{"C:\\Users\\ahmed\\OneDrive\\Documents\\Codex\\Pixlo\\lib\\embed-security.ts": {"path":"C:\\Users\\ahmed\\OneDrive\\Documents\\Codex\\Pixlo\\lib\\embed-security.ts","statementMap":{"0":{"start":{"line":23,"column":33},"end":{"line":23,"column":null}},"1":{"start":{"line":24,"column":35},"end":{"line":24,"column":74}},"2":{"start":{"line":25,"column":23},"end":{"line":25,"column":40}},"3":{"start":{"line":28,"column":2},"end":{"line":29,"column":null}},"4":{"start":{"line":29,"column":4},"end":{"line":29,"column":null}},"5":{"start":{"line":32,"column":2},"end":{"line":35,"column":null}},"6":{"start":{"line":33,"column":4},"end":{"line":33,"column":null}},"7":{"start":{"line":35,"column":4},"end":{"line":35,"column":null}},"8":{"start":{"line":40,"column":2},"end":{"line":40,"column":null}},"9":{"start":{"line":44,"column":2},"end":{"line":44,"column":null}},"10":{"start":{"line":48,"column":2},"end":{"line":51,"column":null}},"11":{"start":{"line":56,"column":2},"end":{"line":57,"column":null}},"12":{"start":{"line":57,"column":4},"end":{"line":57,"column":null}},"13":{"start":{"line":60,"column":19},"end":{"line":60,"column":33}},"14":{"start":{"line":62,"column":2},"end":{"line":63,"column":null}},"15":{"start":{"line":63,"column":4},"end":{"line":63,"column":null}},"16":{"start":{"line":66,"column":2},"end":{"line":70,"column":null}},"17":{"start":{"line":70,"column":4},"end":{"line":70,"column":null}},"18":{"start":{"line":73,"column":2},"end":{"line":73,"column":null}},"19":{"start":{"line":77,"column":2},"end":{"line":78,"column":null}},"20":{"start":{"line":78,"column":4},"end":{"line":78,"column":null}},"21":{"start":{"line":81,"column":2},"end":{"line":82,"column":null}},"22":{"start":{"line":82,"column":4},"end":{"line":82,"column":null}},"23":{"start":{"line":85,"column":2},"end":{"line":86,"column":null}},"24":{"start":{"line":86,"column":4},"end":{"line":86,"column":null}},"25":{"start":{"line":89,"column":2},"end":{"line":90,"column":null}},"26":{"start":{"line":90,"column":4},"end":{"line":90,"column":null}},"27":{"start":{"line":93,"column":2},"end":{"line":94,"column":null}},"28":{"start":{"line":94,"column":4},"end":{"line":94,"column":null}},"29":{"start":{"line":97,"column":2},"end":{"line":98,"column":null}},"30":{"start":{"line":98,"column":4},"end":{"line":98,"column":null}},"31":{"start":{"line":101,"column":2},"end":{"line":101,"column":null}},"32":{"start":{"line":105,"column":21},"end":{"line":105,"column":49}},"33":{"start":{"line":107,"column":4},"end":{"line":111,"column":null}},"34":{"start":{"line":113,"column":2},"end":{"line":119,"column":null}},"35":{"start":{"line":123,"column":21},"end":{"line":123,"column":49}},"36":{"start":{"line":125,"column":2},"end":{"line":126,"column":null}},"37":{"start":{"line":126,"column":4},"end":{"line":126,"column":null}},"38":{"start":{"line":129,"column":2},"end":{"line":129,"column":null}},"39":{"start":{"line":133,"column":2},"end":{"line":134,"column":null}},"40":{"start":{"line":134,"column":4},"end":{"line":134,"column":null}},"41":{"start":{"line":137,"column":43},"end":{"line":137,"column":45}},"42":{"start":{"line":138,"column":20},"end":{"line":138,"column":null}},"43":{"start":{"line":140,"column":2},"end":{"line":146,"column":null}},"44":{"start":{"line":141,"column":4},"end":{"line":146,"column":null}},"45":{"start":{"line":149,"column":2},"end":{"line":150,"column":null}},"46":{"start":{"line":150,"column":4},"end":{"line":150,"column":null}},"47":{"start":{"line":153,"column":2},"end":{"line":164,"column":null}},"48":{"start":{"line":154,"column":4},"end":{"line":158,"column":null}},"49":{"start":{"line":160,"column":4},"end":{"line":164,"column":null}},"50":{"start":{"line":167,"column":2},"end":{"line":167,"column":null}}},"fnMap":{"0":{"name":"isHttpsUrl","decl":{"start":{"line":27,"column":9},"end":{"line":27,"column":20}},"loc":{"start":{"line":27,"column":47},"end":{"line":35,"column":null}},"line":27},"1":{"name":"isSameOriginPath","decl":{"start":{"line":39,"column":9},"end":{"line":39,"column":26}},"loc":{"start":{"line":39,"column":53},"end":{"line":40,"column":null}},"line":39},"2":{"name":"getExpectedLocalPackageUrl","decl":{"start":{"line":43,"column":9},"end":{"line":43,"column":36}},"loc":{"start":{"line":43,"column":48},"end":{"line":44,"column":null}},"line":43},"3":{"name":"isExpectedFirstPartyLocalPackage","decl":{"start":{"line":47,"column":9},"end":{"line":47,"column":42}},"loc":{"start":{"line":47,"column":54},"end":{"line":51,"column":null}},"line":47},"4":{"name":"getAllowedFeatures","decl":{"start":{"line":55,"column":9},"end":{"line":55,"column":28}},"loc":{"start":{"line":55,"column":73},"end":{"line":73,"column":null}},"line":55},"5":{"name":"getGameEmbedTrustLevel","decl":{"start":{"line":76,"column":16},"end":{"line":76,"column":39}},"loc":{"start":{"line":76,"column":72},"end":{"line":101,"column":null}},"line":76},"6":{"name":"getGameIframePolicy","decl":{"start":{"line":104,"column":16},"end":{"line":104,"column":36}},"loc":{"start":{"line":104,"column":66},"end":{"line":119,"column":null}},"line":104},"7":{"name":"getGameMessageTargetOrigin","decl":{"start":{"line":122,"column":16},"end":{"line":122,"column":43}},"loc":{"start":{"line":122,"column":75},"end":{"line":129,"column":null}},"line":122},"8":{"name":"getGameEmbedSecurityIssues","decl":{"start":{"line":132,"column":16},"end":{"line":132,"column":43}},"loc":{"start":{"line":132,"column":81},"end":{"line":167,"column":null}},"line":132}},"branchMap":{"0":{"loc":{"start":{"line":28,"column":2},"end":{"line":29,"column":null}},"type":"if","locations":[{"start":{"line":28,"column":2},"end":{"line":29,"column":null}},{"start":{},"end":{}}],"line":28},"1":{"loc":{"start":{"line":49,"column":4},"end":{"line":51,"column":56}},"type":"binary-expr","locations":[{"start":{"line":49,"column":4},"end":{"line":49,"column":null}},{"start":{"line":50,"column":4},"end":{"line":50,"column":null}},{"start":{"line":51,"column":4},"end":{"line":51,"column":56}}],"line":49},"2":{"loc":{"start":{"line":56,"column":2},"end":{"line":57,"column":null}},"type":"if","locations":[{"start":{"line":56,"column":2},"end":{"line":57,"column":null}},{"start":{},"end":{}}],"line":56},"3":{"loc":{"start":{"line":56,"column":6},"end":{"line":56,"column":64}},"type":"binary-expr","locations":[{"start":{"line":56,"column":6},"end":{"line":56,"column":34}},{"start":{"line":56,"column":34},"end":{"line":56,"column":64}}],"line":56},"4":{"loc":{"start":{"line":62,"column":2},"end":{"line":63,"column":null}},"type":"if","locations":[{"start":{"line":62,"column":2},"end":{"line":63,"column":null}},{"start":{},"end":{}}],"line":62},"5":{"loc":{"start":{"line":66,"column":2},"end":{"line":70,"column":null}},"type":"if","locations":[{"start":{"line":66,"column":2},"end":{"line":70,"column":null}},{"start":{},"end":{}}],"line":66},"6":{"loc":{"start":{"line":67,"column":4},"end":{"line":68,"column":null}},"type":"binary-expr","locations":[{"start":{"line":67,"column":4},"end":{"line":67,"column":null}},{"start":{"line":68,"column":5},"end":{"line":68,"column":30}},{"start":{"line":68,"column":30},"end":{"line":68,"column":73}}],"line":67},"7":{"loc":{"start":{"line":77,"column":2},"end":{"line":78,"column":null}},"type":"if","locations":[{"start":{"line":77,"column":2},"end":{"line":78,"column":null}},{"start":{},"end":{}}],"line":77},"8":{"loc":{"start":{"line":81,"column":2},"end":{"line":82,"column":null}},"type":"if","locations":[{"start":{"line":81,"column":2},"end":{"line":82,"column":null}},{"start":{},"end":{}}],"line":81},"9":{"loc":{"start":{"line":85,"column":2},"end":{"line":86,"column":null}},"type":"if","locations":[{"start":{"line":85,"column":2},"end":{"line":86,"column":null}},{"start":{},"end":{}}],"line":85},"10":{"loc":{"start":{"line":85,"column":6},"end":{"line":85,"column":59}},"type":"binary-expr","locations":[{"start":{"line":85,"column":6},"end":{"line":85,"column":41}},{"start":{"line":85,"column":41},"end":{"line":85,"column":59}}],"line":85},"11":{"loc":{"start":{"line":89,"column":2},"end":{"line":90,"column":null}},"type":"if","locations":[{"start":{"line":89,"column":2},"end":{"line":90,"column":null}},{"start":{},"end":{}}],"line":89},"12":{"loc":{"start":{"line":93,"column":2},"end":{"line":94,"column":null}},"type":"if","locations":[{"start":{"line":93,"column":2},"end":{"line":94,"column":null}},{"start":{},"end":{}}],"line":93},"13":{"loc":{"start":{"line":97,"column":2},"end":{"line":98,"column":null}},"type":"if","locations":[{"start":{"line":97,"column":2},"end":{"line":98,"column":null}},{"start":{},"end":{}}],"line":97},"14":{"loc":{"start":{"line":107,"column":4},"end":{"line":111,"column":null}},"type":"cond-expr","locations":[{"start":{"line":108,"column":8},"end":{"line":108,"column":null}},{"start":{"line":109,"column":8},"end":{"line":111,"column":null}}],"line":107},"15":{"loc":{"start":{"line":109,"column":8},"end":{"line":111,"column":null}},"type":"cond-expr","locations":[{"start":{"line":110,"column":10},"end":{"line":110,"column":null}},{"start":{"line":111,"column":10},"end":{"line":111,"column":null}}],"line":109},"16":{"loc":{"start":{"line":117,"column":21},"end":{"line":117,"column":null}},"type":"binary-expr","locations":[{"start":{"line":117,"column":21},"end":{"line":117,"column":49}},{"start":{"line":117,"column":49},"end":{"line":117,"column":null}}],"line":117},"17":{"loc":{"start":{"line":125,"column":2},"end":{"line":126,"column":null}},"type":"if","locations":[{"start":{"line":125,"column":2},"end":{"line":126,"column":null}},{"start":{},"end":{}}],"line":125},"18":{"loc":{"start":{"line":133,"column":2},"end":{"line":134,"column":null}},"type":"if","locations":[{"start":{"line":133,"column":2},"end":{"line":134,"column":null}},{"start":{},"end":{}}],"line":133},"19":{"loc":{"start":{"line":140,"column":2},"end":{"line":146,"column":null}},"type":"if","locations":[{"start":{"line":140,"column":2},"end":{"line":146,"column":null}},{"start":{},"end":{}}],"line":140},"20":{"loc":{"start":{"line":149,"column":2},"end":{"line":150,"column":null}},"type":"if","locations":[{"start":{"line":149,"column":2},"end":{"line":150,"column":null}},{"start":{},"end":{}}],"line":149},"21":{"loc":{"start":{"line":149,"column":6},"end":{"line":149,"column":69}},"type":"binary-expr","locations":[{"start":{"line":149,"column":6},"end":{"line":149,"column":44}},{"start":{"line":149,"column":48},"end":{"line":149,"column":69}}],"line":149},"22":{"loc":{"start":{"line":153,"column":2},"end":{"line":164,"column":null}},"type":"if","locations":[{"start":{"line":153,"column":2},"end":{"line":164,"column":null}},{"start":{"line":159,"column":9},"end":{"line":164,"column":null}}],"line":153}},"s":{"0":2,"1":2,"2":2,"3":9,"4":0,"5":9,"6":9,"7":3,"8":10,"9":4,"10":15,"11":3,"12":1,"13":2,"14":2,"15":1,"16":2,"17":0,"18":2,"19":9,"20":0,"21":9,"22":0,"23":9,"24":0,"25":9,"26":3,"27":6,"28":2,"29":4,"30":3,"31":1,"32":3,"33":3,"34":3,"35":2,"36":2,"37":1,"38":1,"39":7,"40":1,"41":6,"42":6,"43":6,"44":0,"45":6,"46":2,"47":4,"48":3,"49":1,"50":4},"f":{"0":9,"1":10,"2":4,"3":15,"4":3,"5":9,"6":3,"7":2,"8":7},"b":{"0":[0,9],"1":[15,4,4],"2":[1,2],"3":[3,2],"4":[1,1],"5":[0,2],"6":[2,1,1],"7":[0,9],"8":[0,9],"9":[0,9],"10":[9,9],"11":[3,6],"12":[2,4],"13":[3,1],"14":[1,2],"15":[1,1],"16":[3,2],"17":[1,1],"18":[1,6],"19":[0,6],"20":[2,4],"21":[6,5],"22":[3,1]},"meta":{"lastBranch":23,"lastFunction":9,"lastStatement":51,"seen":{"s:23:33:23:Infinity":0,"s:24:35:24:74":1,"s:25:23:25:40":2,"f:27:9:27:20":0,"b:28:2:29:Infinity:undefined:undefined:undefined:undefined":0,"s:28:2:29:Infinity":3,"s:29:4:29:Infinity":4,"s:32:2:35:Infinity":5,"s:33:4:33:Infinity":6,"s:35:4:35:Infinity":7,"f:39:9:39:26":1,"s:40:2:40:Infinity":8,"f:43:9:43:36":2,"s:44:2:44:Infinity":9,"f:47:9:47:42":3,"s:48:2:51:Infinity":10,"b:49:4:49:Infinity:50:4:50:Infinity:51:4:51:56":1,"f:55:9:55:28":4,"b:56:2:57:Infinity:undefined:undefined:undefined:undefined":2,"s:56:2:57:Infinity":11,"b:56:6:56:34:56:34:56:64":3,"s:57:4:57:Infinity":12,"s:60:19:60:33":13,"b:62:2:63:Infinity:undefined:undefined:undefined:undefined":4,"s:62:2:63:Infinity":14,"s:63:4:63:Infinity":15,"b:66:2:70:Infinity:undefined:undefined:undefined:undefined":5,"s:66:2:70:Infinity":16,"b:67:4:67:Infinity:68:5:68:30:68:30:68:73":6,"s:70:4:70:Infinity":17,"s:73:2:73:Infinity":18,"f:76:16:76:39":5,"b:77:2:78:Infinity:undefined:undefined:undefined:undefined":7,"s:77:2:78:Infinity":19,"s:78:4:78:Infinity":20,"b:81:2:82:Infinity:undefined:undefined:undefined:undefined":8,"s:81:2:82:Infinity":21,"s:82:4:82:Infinity":22,"b:85:2:86:Infinity:undefined:undefined:undefined:undefined":9,"s:85:2:86:Infinity":23,"b:85:6:85:41:85:41:85:59":10,"s:86:4:86:Infinity":24,"b:89:2:90:Infinity:undefined:undefined:undefined:undefined":11,"s:89:2:90:Infinity":25,"s:90:4:90:Infinity":26,"b:93:2:94:Infinity:undefined:undefined:undefined:undefined":12,"s:93:2:94:Infinity":27,"s:94:4:94:Infinity":28,"b:97:2:98:Infinity:undefined:undefined:undefined:undefined":13,"s:97:2:98:Infinity":29,"s:98:4:98:Infinity":30,"s:101:2:101:Infinity":31,"f:104:16:104:36":6,"s:105:21:105:49":32,"s:107:4:111:Infinity":33,"b:108:8:108:Infinity:109:8:111:Infinity":14,"b:110:10:110:Infinity:111:10:111:Infinity":15,"s:113:2:119:Infinity":34,"b:117:21:117:49:117:49:117:Infinity":16,"f:122:16:122:43":7,"s:123:21:123:49":35,"b:125:2:126:Infinity:undefined:undefined:undefined:undefined":17,"s:125:2:126:Infinity":36,"s:126:4:126:Infinity":37,"s:129:2:129:Infinity":38,"f:132:16:132:43":8,"b:133:2:134:Infinity:undefined:undefined:undefined:undefined":18,"s:133:2:134:Infinity":39,"s:134:4:134:Infinity":40,"s:137:43:137:45":41,"s:138:20:138:Infinity":42,"b:140:2:146:Infinity:undefined:undefined:undefined:undefined":19,"s:140:2:146:Infinity":43,"s:141:4:146:Infinity":44,"b:149:2:150:Infinity:undefined:undefined:undefined:undefined":20,"s:149:2:150:Infinity":45,"b:149:6:149:44:149:48:149:69":21,"s:150:4:150:Infinity":46,"b:153:2:164:Infinity:159:9:164:Infinity":22,"s:153:2:164:Infinity":47,"s:154:4:158:Infinity":48,"s:160:4:164:Infinity":49,"s:167:2:167:Infinity":50}}}
,"C:\\Users\\ahmed\\OneDrive\\Documents\\Codex\\Pixlo\\lib\\game-ingestion.ts": {"path":"C:\\Users\\ahmed\\OneDrive\\Documents\\Codex\\Pixlo\\lib\\game-ingestion.ts","statementMap":{"0":{"start":{"line":55,"column":2},"end":{"line":59,"column":null}},"1":{"start":{"line":73,"column":16},"end":{"line":73,"column":50}},"2":{"start":{"line":74,"column":21},"end":{"line":74,"column":null}},"3":{"start":{"line":76,"column":4},"end":{"line":76,"column":null}},"4":{"start":{"line":78,"column":2},"end":{"line":132,"column":null}}},"fnMap":{"0":{"name":"getLocalHtml5GamePaths","decl":{"start":{"line":54,"column":16},"end":{"line":54,"column":39}},"loc":{"start":{"line":54,"column":53},"end":{"line":59,"column":null}},"line":54},"1":{"name":"createLocalHtml5Game","decl":{"start":{"line":72,"column":16},"end":{"line":72,"column":37}},"loc":{"start":{"line":72,"column":90},"end":{"line":132,"column":null}},"line":72}},"branchMap":{"0":{"loc":{"start":{"line":76,"column":4},"end":{"line":76,"column":null}},"type":"cond-expr","locations":[{"start":{"line":76,"column":42},"end":{"line":76,"column":72}},{"start":{"line":76,"column":72},"end":{"line":76,"column":null}}],"line":76},"1":{"loc":{"start":{"line":84,"column":15},"end":{"line":84,"column":null}},"type":"binary-expr","locations":[{"start":{"line":84,"column":15},"end":{"line":84,"column":34}},{"start":{"line":84,"column":34},"end":{"line":84,"column":null}}],"line":84},"2":{"loc":{"start":{"line":85,"column":16},"end":{"line":85,"column":null}},"type":"binary-expr","locations":[{"start":{"line":85,"column":16},"end":{"line":85,"column":36}},{"start":{"line":85,"column":36},"end":{"line":85,"column":null}}],"line":85},"3":{"loc":{"start":{"line":90,"column":11},"end":{"line":90,"column":null}},"type":"binary-expr","locations":[{"start":{"line":90,"column":11},"end":{"line":90,"column":26}},{"start":{"line":90,"column":26},"end":{"line":90,"column":null}}],"line":90},"4":{"loc":{"start":{"line":91,"column":16},"end":{"line":91,"column":null}},"type":"binary-expr","locations":[{"start":{"line":91,"column":16},"end":{"line":91,"column":36}},{"start":{"line":91,"column":36},"end":{"line":91,"column":null}}],"line":91},"5":{"loc":{"start":{"line":93,"column":19},"end":{"line":93,"column":null}},"type":"binary-expr","locations":[{"start":{"line":93,"column":19},"end":{"line":93,"column":42}},{"start":{"line":93,"column":42},"end":{"line":93,"column":null}}],"line":93},"6":{"loc":{"start":{"line":96,"column":21},"end":{"line":96,"column":null}},"type":"binary-expr","locations":[{"start":{"line":96,"column":21},"end":{"line":96,"column":46}},{"start":{"line":96,"column":46},"end":{"line":96,"column":null}}],"line":96},"7":{"loc":{"start":{"line":97,"column":19},"end":{"line":97,"column":null}},"type":"cond-expr","locations":[{"start":{"line":97,"column":32},"end":{"line":97,"column":51}},{"start":{"line":97,"column":51},"end":{"line":97,"column":null}}],"line":97},"8":{"loc":{"start":{"line":98,"column":19},"end":{"line":98,"column":null}},"type":"cond-expr","locations":[{"start":{"line":98,"column":32},"end":{"line":98,"column":47}},{"start":{"line":98,"column":47},"end":{"line":98,"column":null}}],"line":98},"9":{"loc":{"start":{"line":100,"column":15},"end":{"line":100,"column":null}},"type":"binary-expr","locations":[{"start":{"line":100,"column":15},"end":{"line":100,"column":34}},{"start":{"line":100,"column":34},"end":{"line":100,"column":null}}],"line":100},"10":{"loc":{"start":{"line":102,"column":6},"end":{"line":103,"column":null}},"type":"binary-expr","locations":[{"start":{"line":102,"column":6},"end":{"line":102,"column":null}},{"start":{"line":103,"column":7},"end":{"line":103,"column":null}}],"line":102},"11":{"loc":{"start":{"line":103,"column":7},"end":{"line":103,"column":null}},"type":"cond-expr","locations":[{"start":{"line":103,"column":41},"end":{"line":103,"column":52}},{"start":{"line":103,"column":55},"end":{"line":103,"column":null}}],"line":103},"12":{"loc":{"start":{"line":104,"column":17},"end":{"line":104,"column":null}},"type":"binary-expr","locations":[{"start":{"line":104,"column":17},"end":{"line":104,"column":38}},{"start":{"line":104,"column":38},"end":{"line":104,"column":null}}],"line":104},"13":{"loc":{"start":{"line":105,"column":16},"end":{"line":105,"column":null}},"type":"binary-expr","locations":[{"start":{"line":105,"column":16},"end":{"line":105,"column":36}},{"start":{"line":105,"column":36},"end":{"line":105,"column":null}}],"line":105},"14":{"loc":{"start":{"line":106,"column":14},"end":{"line":106,"column":null}},"type":"binary-expr","locations":[{"start":{"line":106,"column":14},"end":{"line":106,"column":32}},{"start":{"line":106,"column":32},"end":{"line":106,"column":null}}],"line":106},"15":{"loc":{"start":{"line":107,"column":20},"end":{"line":107,"column":null}},"type":"binary-expr","locations":[{"start":{"line":107,"column":20},"end":{"line":107,"column":44}},{"start":{"line":107,"column":44},"end":{"line":107,"column":null}}],"line":107},"16":{"loc":{"start":{"line":110,"column":16},"end":{"line":110,"column":null}},"type":"binary-expr","locations":[{"start":{"line":110,"column":16},"end":{"line":110,"column":39}},{"start":{"line":110,"column":39},"end":{"line":110,"column":null}}],"line":110},"17":{"loc":{"start":{"line":113,"column":12},"end":{"line":113,"column":null}},"type":"binary-expr","locations":[{"start":{"line":113,"column":12},"end":{"line":113,"column":28}},{"start":{"line":113,"column":28},"end":{"line":113,"column":null}}],"line":113},"18":{"loc":{"start":{"line":114,"column":14},"end":{"line":114,"column":null}},"type":"binary-expr","locations":[{"start":{"line":114,"column":14},"end":{"line":114,"column":32}},{"start":{"line":114,"column":32},"end":{"line":114,"column":null}}],"line":114},"19":{"loc":{"start":{"line":126,"column":19},"end":{"line":126,"column":44}},"type":"binary-expr","locations":[{"start":{"line":126,"column":19},"end":{"line":126,"column":42}},{"start":{"line":126,"column":42},"end":{"line":126,"column":44}}],"line":126},"20":{"loc":{"start":{"line":129,"column":18},"end":{"line":129,"column":null}},"type":"binary-expr","locations":[{"start":{"line":129,"column":18},"end":{"line":129,"column":40}},{"start":{"line":129,"column":40},"end":{"line":129,"column":null}}],"line":129}},"s":{"0":14,"1":13,"2":13,"3":13,"4":13},"f":{"0":14,"1":13},"b":{"0":[0,13],"1":[13,13],"2":[13,13],"3":[13,13],"4":[13,1],"5":[13,0],"6":[13,13],"7":[13,0],"8":[13,0],"9":[13,13],"10":[13,13],"11":[0,13],"12":[13,3],"13":[13,1],"14":[13,1],"15":[13,1],"16":[13,0],"17":[13,13],"18":[13,13],"19":[13,0],"20":[13,13]},"meta":{"lastBranch":21,"lastFunction":2,"lastStatement":5,"seen":{"f:54:16:54:39":0,"s:55:2:59:Infinity":0,"f:72:16:72:37":1,"s:73:16:73:50":1,"s:74:21:74:Infinity":2,"s:76:4:76:Infinity":3,"b:76:42:76:72:76:72:76:Infinity":0,"s:78:2:132:Infinity":4,"b:84:15:84:34:84:34:84:Infinity":1,"b:85:16:85:36:85:36:85:Infinity":2,"b:90:11:90:26:90:26:90:Infinity":3,"b:91:16:91:36:91:36:91:Infinity":4,"b:93:19:93:42:93:42:93:Infinity":5,"b:96:21:96:46:96:46:96:Infinity":6,"b:97:32:97:51:97:51:97:Infinity":7,"b:98:32:98:47:98:47:98:Infinity":8,"b:100:15:100:34:100:34:100:Infinity":9,"b:102:6:102:Infinity:103:7:103:Infinity":10,"b:103:41:103:52:103:55:103:Infinity":11,"b:104:17:104:38:104:38:104:Infinity":12,"b:105:16:105:36:105:36:105:Infinity":13,"b:106:14:106:32:106:32:106:Infinity":14,"b:107:20:107:44:107:44:107:Infinity":15,"b:110:16:110:39:110:39:110:Infinity":16,"b:113:12:113:28:113:28:113:Infinity":17,"b:114:14:114:32:114:32:114:Infinity":18,"b:126:19:126:42:126:42:126:44":19,"b:129:18:129:40:129:40:129:Infinity":20}}}
,"C:\\Users\\ahmed\\OneDrive\\Documents\\Codex\\Pixlo\\lib\\games.ts": {"path":"C:\\Users\\ahmed\\OneDrive\\Documents\\Codex\\Pixlo\\lib\\games.ts","statementMap":{"0":{"start":{"line":6,"column":2},"end":{"line":6,"column":null}},"1":{"start":{"line":6,"column":39},"end":{"line":6,"column":62}},"2":{"start":{"line":10,"column":2},"end":{"line":10,"column":null}},"3":{"start":{"line":14,"column":16},"end":{"line":14,"column":58}},"4":{"start":{"line":15,"column":19},"end":{"line":15,"column":64}},"5":{"start":{"line":15,"column":47},"end":{"line":15,"column":62}},"6":{"start":{"line":17,"column":2},"end":{"line":17,"column":null}},"7":{"start":{"line":17,"column":25},"end":{"line":17,"column":41}},"8":{"start":{"line":17,"column":74},"end":{"line":17,"column":87}},"9":{"start":{"line":21,"column":16},"end":{"line":21,"column":33}},"10":{"start":{"line":23,"column":2},"end":{"line":41,"column":null}},"11":{"start":{"line":24,"column":27},"end":{"line":24,"column":52}},"12":{"start":{"line":26,"column":6},"end":{"line":29,"column":null}},"13":{"start":{"line":33,"column":8},"end":{"line":38,"column":null}},"14":{"start":{"line":41,"column":36},"end":{"line":41,"column":48}},"15":{"start":{"line":45,"column":21},"end":{"line":45,"column":null}},"16":{"start":{"line":45,"column":52},"end":{"line":45,"column":75}},"17":{"start":{"line":46,"column":26},"end":{"line":48,"column":null}},"18":{"start":{"line":47,"column":4},"end":{"line":47,"column":46}},"19":{"start":{"line":49,"column":33},"end":{"line":51,"column":null}},"20":{"start":{"line":50,"column":4},"end":{"line":50,"column":44}},"21":{"start":{"line":53,"column":14},"end":{"line":53,"column":null}},"22":{"start":{"line":55,"column":2},"end":{"line":55,"column":null}},"23":{"start":{"line":55,"column":44},"end":{"line":55,"column":null}},"24":{"start":{"line":56,"column":2},"end":{"line":56,"column":null}},"25":{"start":{"line":57,"column":2},"end":{"line":57,"column":null}},"26":{"start":{"line":59,"column":2},"end":{"line":59,"column":null}},"27":{"start":{"line":59,"column":52},"end":{"line":59,"column":null}},"28":{"start":{"line":60,"column":2},"end":{"line":60,"column":null}},"29":{"start":{"line":60,"column":48},"end":{"line":60,"column":null}},"30":{"start":{"line":61,"column":2},"end":{"line":61,"column":null}},"31":{"start":{"line":61,"column":57},"end":{"line":61,"column":null}},"32":{"start":{"line":62,"column":2},"end":{"line":62,"column":null}},"33":{"start":{"line":62,"column":48},"end":{"line":62,"column":null}},"34":{"start":{"line":63,"column":2},"end":{"line":63,"column":null}},"35":{"start":{"line":63,"column":44},"end":{"line":63,"column":null}},"36":{"start":{"line":64,"column":2},"end":{"line":64,"column":null}},"37":{"start":{"line":64,"column":50},"end":{"line":64,"column":null}},"38":{"start":{"line":65,"column":2},"end":{"line":65,"column":null}},"39":{"start":{"line":65,"column":30},"end":{"line":65,"column":null}},"40":{"start":{"line":66,"column":2},"end":{"line":66,"column":null}},"41":{"start":{"line":66,"column":55},"end":{"line":66,"column":null}},"42":{"start":{"line":67,"column":2},"end":{"line":67,"column":null}},"43":{"start":{"line":67,"column":55},"end":{"line":67,"column":null}},"44":{"start":{"line":68,"column":2},"end":{"line":68,"column":null}},"45":{"start":{"line":68,"column":34},"end":{"line":68,"column":null}},"46":{"start":{"line":69,"column":2},"end":{"line":69,"column":null}},"47":{"start":{"line":69,"column":31},"end":{"line":69,"column":null}},"48":{"start":{"line":70,"column":2},"end":{"line":70,"column":null}},"49":{"start":{"line":70,"column":23},"end":{"line":70,"column":null}},"50":{"start":{"line":71,"column":2},"end":{"line":71,"column":null}},"51":{"start":{"line":71,"column":28},"end":{"line":71,"column":null}},"52":{"start":{"line":73,"column":2},"end":{"line":73,"column":null}},"53":{"start":{"line":77,"column":16},"end":{"line":77,"column":33}},"54":{"start":{"line":79,"column":2},"end":{"line":79,"column":null}},"55":{"start":{"line":79,"column":32},"end":{"line":79,"column":59}},"56":{"start":{"line":83,"column":26},"end":{"line":83,"column":52}},"57":{"start":{"line":85,"column":2},"end":{"line":86,"column":null}},"58":{"start":{"line":86,"column":4},"end":{"line":86,"column":null}},"59":{"start":{"line":89,"column":16},"end":{"line":89,"column":33}},"60":{"start":{"line":91,"column":2},"end":{"line":104,"column":null}},"61":{"start":{"line":92,"column":29},"end":{"line":101,"column":41}},"62":{"start":{"line":101,"column":21},"end":{"line":101,"column":40}},"63":{"start":{"line":103,"column":4},"end":{"line":103,"column":null}},"64":{"start":{"line":103,"column":44},"end":{"line":103,"column":75}}},"fnMap":{"0":{"name":"getCategoryBySlug","decl":{"start":{"line":5,"column":16},"end":{"line":5,"column":34}},"loc":{"start":{"line":5,"column":48},"end":{"line":6,"column":null}},"line":5},"1":{"name":"(anonymous_1)","decl":{"start":{"line":6,"column":20},"end":{"line":6,"column":26}},"loc":{"start":{"line":6,"column":39},"end":{"line":6,"column":62}},"line":6},"2":{"name":"getGameBySlug","decl":{"start":{"line":9,"column":22},"end":{"line":9,"column":36}},"loc":{"start":{"line":9,"column":50},"end":{"line":10,"column":null}},"line":9},"3":{"name":"getGamesByIds","decl":{"start":{"line":13,"column":22},"end":{"line":13,"column":36}},"loc":{"start":{"line":13,"column":51},"end":{"line":17,"column":null}},"line":13},"4":{"name":"(anonymous_4)","decl":{"start":{"line":15,"column":33},"end":{"line":15,"column":38}},"loc":{"start":{"line":15,"column":47},"end":{"line":15,"column":62}},"line":15},"5":{"name":"(anonymous_5)","decl":{"start":{"line":17,"column":13},"end":{"line":17,"column":18}},"loc":{"start":{"line":17,"column":25},"end":{"line":17,"column":41}},"line":17},"6":{"name":"(anonymous_6)","decl":{"start":{"line":17,"column":43},"end":{"line":17,"column":51}},"loc":{"start":{"line":17,"column":74},"end":{"line":17,"column":87}},"line":17},"7":{"name":"getRelatedGames","decl":{"start":{"line":20,"column":22},"end":{"line":20,"column":38}},"loc":{"start":{"line":20,"column":61},"end":{"line":41,"column":null}},"line":20},"8":{"name":"(anonymous_8)","decl":{"start":{"line":24,"column":5},"end":{"line":24,"column":13}},"loc":{"start":{"line":24,"column":27},"end":{"line":24,"column":52}},"line":24},"9":{"name":"(anonymous_9)","decl":{"start":{"line":25,"column":5},"end":{"line":25,"column":10}},"loc":{"start":{"line":25,"column":24},"end":{"line":30,"column":null}},"line":25},"10":{"name":"(anonymous_10)","decl":{"start":{"line":31,"column":5},"end":{"line":31,"column":null}},"loc":{"start":{"line":33,"column":8},"end":{"line":38,"column":null}},"line":33},"11":{"name":"(anonymous_11)","decl":{"start":{"line":41,"column":5},"end":{"line":41,"column":10}},"loc":{"start":{"line":41,"column":36},"end":{"line":41,"column":48}},"line":41},"12":{"name":"getRelatedGameScore","decl":{"start":{"line":44,"column":9},"end":{"line":44,"column":29}},"loc":{"start":{"line":44,"column":58},"end":{"line":73,"column":null}},"line":44},"13":{"name":"(anonymous_13)","decl":{"start":{"line":45,"column":36},"end":{"line":45,"column":44}},"loc":{"start":{"line":45,"column":52},"end":{"line":45,"column":75}},"line":45},"14":{"name":"(anonymous_14)","decl":{"start":{"line":46,"column":55},"end":{"line":46,"column":63}},"loc":{"start":{"line":47,"column":4},"end":{"line":47,"column":46}},"line":47},"15":{"name":"(anonymous_15)","decl":{"start":{"line":49,"column":61},"end":{"line":49,"column":69}},"loc":{"start":{"line":50,"column":4},"end":{"line":50,"column":44}},"line":50},"16":{"name":"getGamesByCategory","decl":{"start":{"line":76,"column":22},"end":{"line":76,"column":41}},"loc":{"start":{"line":76,"column":65},"end":{"line":79,"column":null}},"line":76},"17":{"name":"(anonymous_17)","decl":{"start":{"line":79,"column":15},"end":{"line":79,"column":23}},"loc":{"start":{"line":79,"column":32},"end":{"line":79,"column":59}},"line":79},"18":{"name":"searchGames","decl":{"start":{"line":82,"column":22},"end":{"line":82,"column":34}},"loc":{"start":{"line":82,"column":49},"end":{"line":104,"column":null}},"line":82},"19":{"name":"(anonymous_19)","decl":{"start":{"line":91,"column":15},"end":{"line":91,"column":23}},"loc":{"start":{"line":91,"column":32},"end":{"line":104,"column":null}},"line":91},"20":{"name":"(anonymous_20)","decl":{"start":{"line":101,"column":6},"end":{"line":101,"column":11}},"loc":{"start":{"line":101,"column":21},"end":{"line":101,"column":40}},"line":101},"21":{"name":"(anonymous_21)","decl":{"start":{"line":103,"column":28},"end":{"line":103,"column":34}},"loc":{"start":{"line":103,"column":44},"end":{"line":103,"column":75}},"line":103}},"branchMap":{"0":{"loc":{"start":{"line":20,"column":50},"end":{"line":20,"column":61}},"type":"default-arg","locations":[{"start":{"line":20,"column":58},"end":{"line":20,"column":61}}],"line":20},"1":{"loc":{"start":{"line":33,"column":8},"end":{"line":38,"column":null}},"type":"binary-expr","locations":[{"start":{"line":33,"column":8},"end":{"line":33,"column":null}},{"start":{"line":34,"column":8},"end":{"line":34,"column":67}},{"start":{"line":35,"column":8},"end":{"line":35,"column":51}},{"start":{"line":36,"column":8},"end":{"line":36,"column":null}},{"start":{"line":37,"column":8},"end":{"line":37,"column":null}},{"start":{"line":38,"column":8},"end":{"line":38,"column":null}}],"line":33},"2":{"loc":{"start":{"line":55,"column":2},"end":{"line":55,"column":null}},"type":"if","locations":[{"start":{"line":55,"column":2},"end":{"line":55,"column":null}},{"start":{},"end":{}}],"line":55},"3":{"loc":{"start":{"line":59,"column":2},"end":{"line":59,"column":null}},"type":"if","locations":[{"start":{"line":59,"column":2},"end":{"line":59,"column":null}},{"start":{},"end":{}}],"line":59},"4":{"loc":{"start":{"line":60,"column":2},"end":{"line":60,"column":null}},"type":"if","locations":[{"start":{"line":60,"column":2},"end":{"line":60,"column":null}},{"start":{},"end":{}}],"line":60},"5":{"loc":{"start":{"line":61,"column":2},"end":{"line":61,"column":null}},"type":"if","locations":[{"start":{"line":61,"column":2},"end":{"line":61,"column":null}},{"start":{},"end":{}}],"line":61},"6":{"loc":{"start":{"line":61,"column":6},"end":{"line":61,"column":57}},"type":"binary-expr","locations":[{"start":{"line":61,"column":6},"end":{"line":61,"column":35}},{"start":{"line":61,"column":35},"end":{"line":61,"column":57}}],"line":61},"7":{"loc":{"start":{"line":62,"column":2},"end":{"line":62,"column":null}},"type":"if","locations":[{"start":{"line":62,"column":2},"end":{"line":62,"column":null}},{"start":{},"end":{}}],"line":62},"8":{"loc":{"start":{"line":63,"column":2},"end":{"line":63,"column":null}},"type":"if","locations":[{"start":{"line":63,"column":2},"end":{"line":63,"column":null}},{"start":{},"end":{}}],"line":63},"9":{"loc":{"start":{"line":64,"column":2},"end":{"line":64,"column":null}},"type":"if","locations":[{"start":{"line":64,"column":2},"end":{"line":64,"column":null}},{"start":{},"end":{}}],"line":64},"10":{"loc":{"start":{"line":65,"column":2},"end":{"line":65,"column":null}},"type":"if","locations":[{"start":{"line":65,"column":2},"end":{"line":65,"column":null}},{"start":{},"end":{}}],"line":65},"11":{"loc":{"start":{"line":66,"column":2},"end":{"line":66,"column":null}},"type":"if","locations":[{"start":{"line":66,"column":2},"end":{"line":66,"column":null}},{"start":{},"end":{}}],"line":66},"12":{"loc":{"start":{"line":66,"column":6},"end":{"line":66,"column":55}},"type":"binary-expr","locations":[{"start":{"line":66,"column":6},"end":{"line":66,"column":34}},{"start":{"line":66,"column":34},"end":{"line":66,"column":55}}],"line":66},"13":{"loc":{"start":{"line":67,"column":2},"end":{"line":67,"column":null}},"type":"if","locations":[{"start":{"line":67,"column":2},"end":{"line":67,"column":null}},{"start":{},"end":{}}],"line":67},"14":{"loc":{"start":{"line":67,"column":6},"end":{"line":67,"column":55}},"type":"binary-expr","locations":[{"start":{"line":67,"column":6},"end":{"line":67,"column":34}},{"start":{"line":67,"column":34},"end":{"line":67,"column":55}}],"line":67},"15":{"loc":{"start":{"line":68,"column":2},"end":{"line":68,"column":null}},"type":"if","locations":[{"start":{"line":68,"column":2},"end":{"line":68,"column":null}},{"start":{},"end":{}}],"line":68},"16":{"loc":{"start":{"line":69,"column":2},"end":{"line":69,"column":null}},"type":"if","locations":[{"start":{"line":69,"column":2},"end":{"line":69,"column":null}},{"start":{},"end":{}}],"line":69},"17":{"loc":{"start":{"line":70,"column":2},"end":{"line":70,"column":null}},"type":"if","locations":[{"start":{"line":70,"column":2},"end":{"line":70,"column":null}},{"start":{},"end":{}}],"line":70},"18":{"loc":{"start":{"line":71,"column":2},"end":{"line":71,"column":null}},"type":"if","locations":[{"start":{"line":71,"column":2},"end":{"line":71,"column":null}},{"start":{},"end":{}}],"line":71},"19":{"loc":{"start":{"line":85,"column":2},"end":{"line":86,"column":null}},"type":"if","locations":[{"start":{"line":85,"column":2},"end":{"line":86,"column":null}},{"start":{},"end":{}}],"line":85},"20":{"loc":{"start":{"line":97,"column":6},"end":{"line":97,"column":null}},"type":"cond-expr","locations":[{"start":{"line":97,"column":19},"end":{"line":97,"column":27}},{"start":{"line":97,"column":27},"end":{"line":97,"column":null}}],"line":97},"21":{"loc":{"start":{"line":98,"column":6},"end":{"line":98,"column":null}},"type":"cond-expr","locations":[{"start":{"line":98,"column":24},"end":{"line":98,"column":41}},{"start":{"line":98,"column":41},"end":{"line":98,"column":null}}],"line":98},"22":{"loc":{"start":{"line":99,"column":6},"end":{"line":99,"column":null}},"type":"cond-expr","locations":[{"start":{"line":99,"column":27},"end":{"line":99,"column":59}},{"start":{"line":99,"column":59},"end":{"line":99,"column":null}}],"line":99},"23":{"loc":{"start":{"line":100,"column":6},"end":{"line":100,"column":null}},"type":"cond-expr","locations":[{"start":{"line":100,"column":27},"end":{"line":100,"column":43}},{"start":{"line":100,"column":43},"end":{"line":100,"column":null}}],"line":100}},"s":{"0":1,"1":3,"2":1,"3":1,"4":1,"5":2,"6":1,"7":3,"8":3,"9":1,"10":1,"11":4,"12":3,"13":2,"14":2,"15":3,"16":7,"17":3,"18":9,"19":3,"20":0,"21":3,"22":3,"23":2,"24":3,"25":3,"26":3,"27":3,"28":3,"29":3,"30":3,"31":3,"32":3,"33":2,"34":3,"35":3,"36":3,"37":3,"38":3,"39":3,"40":3,"41":3,"42":3,"43":3,"44":3,"45":0,"46":3,"47":1,"48":3,"49":0,"50":3,"51":0,"52":3,"53":0,"54":0,"55":0,"56":4,"57":4,"58":1,"59":3,"60":3,"61":6,"62":51,"63":6,"64":40},"f":{"0":1,"1":3,"2":1,"3":1,"4":2,"5":3,"6":3,"7":1,"8":4,"9":3,"10":2,"11":2,"12":3,"13":7,"14":9,"15":0,"16":0,"17":0,"18":4,"19":6,"20":51,"21":40},"b":{"0":[1],"1":[2,0,0,0,0,0],"2":[2,1],"3":[3,0],"4":[3,0],"5":[3,0],"6":[3,3],"7":[2,1],"8":[3,0],"9":[3,0],"10":[3,0],"11":[3,0],"12":[3,3],"13":[3,0],"14":[3,3],"15":[0,3],"16":[1,2],"17":[0,3],"18":[0,3],"19":[1,3],"20":[0,6],"21":[3,3],"22":[3,3],"23":[0,6]},"meta":{"lastBranch":24,"lastFunction":22,"lastStatement":65,"seen":{"f:5:16:5:34":0,"s:6:2:6:Infinity":0,"f:6:20:6:26":1,"s:6:39:6:62":1,"f:9:22:9:36":2,"s:10:2:10:Infinity":2,"f:13:22:13:36":3,"s:14:16:14:58":3,"s:15:19:15:64":4,"f:15:33:15:38":4,"s:15:47:15:62":5,"s:17:2:17:Infinity":6,"f:17:13:17:18":5,"s:17:25:17:41":7,"f:17:43:17:51":6,"s:17:74:17:87":8,"f:20:22:20:38":7,"b:20:58:20:61":0,"s:21:16:21:33":9,"s:23:2:41:Infinity":10,"f:24:5:24:13":8,"s:24:27:24:52":11,"f:25:5:25:10":9,"s:26:6:29:Infinity":12,"f:31:5:31:Infinity":10,"s:33:8:38:Infinity":13,"b:33:8:33:Infinity:34:8:34:67:35:8:35:51:36:8:36:Infinity:37:8:37:Infinity:38:8:38:Infinity":1,"f:41:5:41:10":11,"s:41:36:41:48":14,"f:44:9:44:29":12,"s:45:21:45:Infinity":15,"f:45:36:45:44":13,"s:45:52:45:75":16,"s:46:26:48:Infinity":17,"f:46:55:46:63":14,"s:47:4:47:46":18,"s:49:33:51:Infinity":19,"f:49:61:49:69":15,"s:50:4:50:44":20,"s:53:14:53:Infinity":21,"b:55:2:55:Infinity:undefined:undefined:undefined:undefined":2,"s:55:2:55:Infinity":22,"s:55:44:55:Infinity":23,"s:56:2:56:Infinity":24,"s:57:2:57:Infinity":25,"b:59:2:59:Infinity:undefined:undefined:undefined:undefined":3,"s:59:2:59:Infinity":26,"s:59:52:59:Infinity":27,"b:60:2:60:Infinity:undefined:undefined:undefined:undefined":4,"s:60:2:60:Infinity":28,"s:60:48:60:Infinity":29,"b:61:2:61:Infinity:undefined:undefined:undefined:undefined":5,"s:61:2:61:Infinity":30,"b:61:6:61:35:61:35:61:57":6,"s:61:57:61:Infinity":31,"b:62:2:62:Infinity:undefined:undefined:undefined:undefined":7,"s:62:2:62:Infinity":32,"s:62:48:62:Infinity":33,"b:63:2:63:Infinity:undefined:undefined:undefined:undefined":8,"s:63:2:63:Infinity":34,"s:63:44:63:Infinity":35,"b:64:2:64:Infinity:undefined:undefined:undefined:undefined":9,"s:64:2:64:Infinity":36,"s:64:50:64:Infinity":37,"b:65:2:65:Infinity:undefined:undefined:undefined:undefined":10,"s:65:2:65:Infinity":38,"s:65:30:65:Infinity":39,"b:66:2:66:Infinity:undefined:undefined:undefined:undefined":11,"s:66:2:66:Infinity":40,"b:66:6:66:34:66:34:66:55":12,"s:66:55:66:Infinity":41,"b:67:2:67:Infinity:undefined:undefined:undefined:undefined":13,"s:67:2:67:Infinity":42,"b:67:6:67:34:67:34:67:55":14,"s:67:55:67:Infinity":43,"b:68:2:68:Infinity:undefined:undefined:undefined:undefined":15,"s:68:2:68:Infinity":44,"s:68:34:68:Infinity":45,"b:69:2:69:Infinity:undefined:undefined:undefined:undefined":16,"s:69:2:69:Infinity":46,"s:69:31:69:Infinity":47,"b:70:2:70:Infinity:undefined:undefined:undefined:undefined":17,"s:70:2:70:Infinity":48,"s:70:23:70:Infinity":49,"b:71:2:71:Infinity:undefined:undefined:undefined:undefined":18,"s:71:2:71:Infinity":50,"s:71:28:71:Infinity":51,"s:73:2:73:Infinity":52,"f:76:22:76:41":16,"s:77:16:77:33":53,"s:79:2:79:Infinity":54,"f:79:15:79:23":17,"s:79:32:79:59":55,"f:82:22:82:34":18,"s:83:26:83:52":56,"b:85:2:86:Infinity:undefined:undefined:undefined:undefined":19,"s:85:2:86:Infinity":57,"s:86:4:86:Infinity":58,"s:89:16:89:33":59,"s:91:2:104:Infinity":60,"f:91:15:91:23":19,"s:92:29:101:41":61,"b:97:19:97:27:97:27:97:Infinity":20,"b:98:24:98:41:98:41:98:Infinity":21,"b:99:27:99:59:99:59:99:Infinity":22,"b:100:27:100:43:100:43:100:Infinity":23,"f:101:6:101:11":20,"s:101:21:101:40":62,"s:103:4:103:Infinity":63,"f:103:28:103:34":21,"s:103:44:103:75":64}}}
,"C:\\Users\\ahmed\\OneDrive\\Documents\\Codex\\Pixlo\\lib\\server-validation.ts": {"path":"C:\\Users\\ahmed\\OneDrive\\Documents\\Codex\\Pixlo\\lib\\server-validation.ts","statementMap":{"0":{"start":{"line":53,"column":24},"end":{"line":62,"column":2}},"1":{"start":{"line":64,"column":23},"end":{"line":64,"column":97}},"2":{"start":{"line":66,"column":25},"end":{"line":71,"column":2}},"3":{"start":{"line":74,"column":2},"end":{"line":74,"column":null}},"4":{"start":{"line":78,"column":2},"end":{"line":78,"column":null}},"5":{"start":{"line":82,"column":18},"end":{"line":82,"column":98}},"6":{"start":{"line":84,"column":2},"end":{"line":97,"column":null}},"7":{"start":{"line":87,"column":22},"end":{"line":87,"column":49}},"8":{"start":{"line":88,"column":25},"end":{"line":88,"column":40}},"9":{"start":{"line":90,"column":10},"end":{"line":93,"column":19}},"10":{"start":{"line":101,"column":23},"end":{"line":105,"column":10}},"11":{"start":{"line":107,"column":20},"end":{"line":110,"column":null}},"12":{"start":{"line":108,"column":23},"end":{"line":108,"column":55}},"13":{"start":{"line":110,"column":6},"end":{"line":110,"column":59}},"14":{"start":{"line":113,"column":2},"end":{"line":113,"column":null}},"15":{"start":{"line":117,"column":14},"end":{"line":117,"column":29}},"16":{"start":{"line":119,"column":2},"end":{"line":119,"column":null}},"17":{"start":{"line":123,"column":2},"end":{"line":124,"column":null}},"18":{"start":{"line":124,"column":4},"end":{"line":124,"column":null}},"19":{"start":{"line":127,"column":2},"end":{"line":132,"column":null}},"20":{"start":{"line":128,"column":19},"end":{"line":128,"column":33}},"21":{"start":{"line":130,"column":4},"end":{"line":130,"column":null}},"22":{"start":{"line":132,"column":4},"end":{"line":132,"column":null}},"23":{"start":{"line":137,"column":2},"end":{"line":137,"column":null}},"24":{"start":{"line":137,"column":38},"end":{"line":137,"column":null}},"25":{"start":{"line":138,"column":2},"end":{"line":138,"column":null}},"26":{"start":{"line":138,"column":42},"end":{"line":138,"column":null}},"27":{"start":{"line":139,"column":2},"end":{"line":139,"column":null}},"28":{"start":{"line":139,"column":31},"end":{"line":139,"column":null}},"29":{"start":{"line":140,"column":2},"end":{"line":140,"column":null}},"30":{"start":{"line":144,"column":2},"end":{"line":144,"column":null}},"31":{"start":{"line":150,"column":16},"end":{"line":150,"column":39}},"32":{"start":{"line":151,"column":27},"end":{"line":151,"column":61}},"33":{"start":{"line":152,"column":22},"end":{"line":152,"column":51}},"34":{"start":{"line":153,"column":24},"end":{"line":153,"column":55}},"35":{"start":{"line":154,"column":24},"end":{"line":154,"column":55}},"36":{"start":{"line":155,"column":23},"end":{"line":155,"column":67}},"37":{"start":{"line":156,"column":19},"end":{"line":156,"column":45}},"38":{"start":{"line":157,"column":21},"end":{"line":157,"column":null}},"39":{"start":{"line":158,"column":20},"end":{"line":158,"column":51}},"40":{"start":{"line":159,"column":19},"end":{"line":159,"column":null}},"41":{"start":{"line":160,"column":23},"end":{"line":160,"column":57}},"42":{"start":{"line":161,"column":24},"end":{"line":161,"column":59}},"43":{"start":{"line":162,"column":29},"end":{"line":162,"column":66}},"44":{"start":{"line":163,"column":25},"end":{"line":163,"column":58}},"45":{"start":{"line":164,"column":21},"end":{"line":164,"column":53}},"46":{"start":{"line":165,"column":25},"end":{"line":165,"column":57}},"47":{"start":{"line":166,"column":15},"end":{"line":166,"column":42}},"48":{"start":{"line":167,"column":29},"end":{"line":167,"column":75}},"49":{"start":{"line":168,"column":24},"end":{"line":168,"column":56}},"50":{"start":{"line":169,"column":27},"end":{"line":169,"column":29}},"51":{"start":{"line":170,"column":29},"end":{"line":170,"column":31}},"52":{"start":{"line":172,"column":2},"end":{"line":173,"column":null}},"53":{"start":{"line":173,"column":4},"end":{"line":173,"column":null}},"54":{"start":{"line":176,"column":2},"end":{"line":177,"column":null}},"55":{"start":{"line":177,"column":4},"end":{"line":177,"column":null}},"56":{"start":{"line":180,"column":2},"end":{"line":181,"column":null}},"57":{"start":{"line":181,"column":4},"end":{"line":181,"column":null}},"58":{"start":{"line":184,"column":2},"end":{"line":185,"column":null}},"59":{"start":{"line":185,"column":4},"end":{"line":185,"column":null}},"60":{"start":{"line":188,"column":2},"end":{"line":189,"column":null}},"61":{"start":{"line":189,"column":4},"end":{"line":189,"column":null}},"62":{"start":{"line":192,"column":2},"end":{"line":193,"column":null}},"63":{"start":{"line":193,"column":4},"end":{"line":193,"column":null}},"64":{"start":{"line":196,"column":2},"end":{"line":197,"column":null}},"65":{"start":{"line":197,"column":4},"end":{"line":197,"column":null}},"66":{"start":{"line":200,"column":2},"end":{"line":201,"column":null}},"67":{"start":{"line":201,"column":4},"end":{"line":201,"column":null}},"68":{"start":{"line":204,"column":2},"end":{"line":205,"column":null}},"69":{"start":{"line":205,"column":4},"end":{"line":205,"column":null}},"70":{"start":{"line":208,"column":2},"end":{"line":209,"column":null}},"71":{"start":{"line":209,"column":4},"end":{"line":209,"column":null}},"72":{"start":{"line":212,"column":2},"end":{"line":213,"column":null}},"73":{"start":{"line":213,"column":4},"end":{"line":213,"column":null}},"74":{"start":{"line":216,"column":2},"end":{"line":217,"column":null}},"75":{"start":{"line":217,"column":4},"end":{"line":217,"column":null}},"76":{"start":{"line":220,"column":2},"end":{"line":221,"column":null}},"77":{"start":{"line":221,"column":4},"end":{"line":221,"column":null}},"78":{"start":{"line":224,"column":2},"end":{"line":225,"column":null}},"79":{"start":{"line":225,"column":4},"end":{"line":225,"column":null}},"80":{"start":{"line":228,"column":2},"end":{"line":229,"column":null}},"81":{"start":{"line":229,"column":4},"end":{"line":229,"column":null}},"82":{"start":{"line":232,"column":2},"end":{"line":235,"column":null}},"83":{"start":{"line":233,"column":4},"end":{"line":235,"column":null}},"84":{"start":{"line":238,"column":2},"end":{"line":239,"column":null}},"85":{"start":{"line":239,"column":4},"end":{"line":239,"column":null}},"86":{"start":{"line":242,"column":2},"end":{"line":266,"column":null}},"87":{"start":{"line":270,"column":8},"end":{"line":270,"column":42}},"88":{"start":{"line":271,"column":33},"end":{"line":271,"column":35}},"89":{"start":{"line":273,"column":2},"end":{"line":274,"column":null}},"90":{"start":{"line":274,"column":4},"end":{"line":274,"column":null}},"91":{"start":{"line":277,"column":2},"end":{"line":277,"column":null}},"92":{"start":{"line":277,"column":71},"end":{"line":277,"column":85}},"93":{"start":{"line":279,"column":2},"end":{"line":280,"column":null}},"94":{"start":{"line":280,"column":4},"end":{"line":280,"column":null}},"95":{"start":{"line":283,"column":2},"end":{"line":283,"column":null}},"96":{"start":{"line":283,"column":35},"end":{"line":283,"column":49}},"97":{"start":{"line":290,"column":20},"end":{"line":290,"column":54}},"98":{"start":{"line":292,"column":2},"end":{"line":293,"column":null}},"99":{"start":{"line":293,"column":4},"end":{"line":293,"column":null}},"100":{"start":{"line":296,"column":14},"end":{"line":296,"column":51}},"101":{"start":{"line":297,"column":25},"end":{"line":299,"column":null}},"102":{"start":{"line":302,"column":2},"end":{"line":326,"column":null}}},"fnMap":{"0":{"name":"asString","decl":{"start":{"line":73,"column":9},"end":{"line":73,"column":18}},"loc":{"start":{"line":73,"column":34},"end":{"line":74,"column":null}},"line":73},"1":{"name":"asBoolean","decl":{"start":{"line":77,"column":9},"end":{"line":77,"column":19}},"loc":{"start":{"line":77,"column":35},"end":{"line":78,"column":null}},"line":77},"2":{"name":"normalizeTags","decl":{"start":{"line":81,"column":9},"end":{"line":81,"column":23}},"loc":{"start":{"line":81,"column":39},"end":{"line":97,"column":null}},"line":81},"3":{"name":"(anonymous_3)","decl":{"start":{"line":87,"column":9},"end":{"line":87,"column":14}},"loc":{"start":{"line":87,"column":22},"end":{"line":87,"column":49}},"line":87},"4":{"name":"(anonymous_4)","decl":{"start":{"line":88,"column":9},"end":{"line":88,"column":17}},"loc":{"start":{"line":88,"column":25},"end":{"line":88,"column":40}},"line":88},"5":{"name":"(anonymous_5)","decl":{"start":{"line":89,"column":9},"end":{"line":89,"column":14}},"loc":{"start":{"line":90,"column":10},"end":{"line":93,"column":19}},"line":90},"6":{"name":"normalizePlatforms","decl":{"start":{"line":100,"column":9},"end":{"line":100,"column":28}},"loc":{"start":{"line":100,"column":44},"end":{"line":113,"column":null}},"line":100},"7":{"name":"(anonymous_7)","decl":{"start":{"line":108,"column":5},"end":{"line":108,"column":10}},"loc":{"start":{"line":108,"column":23},"end":{"line":108,"column":55}},"line":108},"8":{"name":"(anonymous_8)","decl":{"start":{"line":109,"column":5},"end":{"line":109,"column":13}},"loc":{"start":{"line":110,"column":6},"end":{"line":110,"column":59}},"line":110},"9":{"name":"normalizeUrl","decl":{"start":{"line":116,"column":9},"end":{"line":116,"column":22}},"loc":{"start":{"line":116,"column":38},"end":{"line":119,"column":null}},"line":116},"10":{"name":"isHttpsUrl","decl":{"start":{"line":122,"column":9},"end":{"line":122,"column":20}},"loc":{"start":{"line":122,"column":47},"end":{"line":132,"column":null}},"line":122},"11":{"name":"inferEmbedType","decl":{"start":{"line":136,"column":9},"end":{"line":136,"column":24}},"loc":{"start":{"line":136,"column":73},"end":{"line":140,"column":null}},"line":136},"12":{"name":"hashIntakeIdentifier","decl":{"start":{"line":143,"column":16},"end":{"line":143,"column":37}},"loc":{"start":{"line":143,"column":52},"end":{"line":144,"column":null}},"line":143},"13":{"name":"validateSubmissionPayload","decl":{"start":{"line":147,"column":16},"end":{"line":147,"column":null}},"loc":{"start":{"line":149,"column":45},"end":{"line":266,"column":null}},"line":149},"14":{"name":"validateGameForServer","decl":{"start":{"line":269,"column":16},"end":{"line":269,"column":38}},"loc":{"start":{"line":269,"column":50},"end":{"line":283,"column":null}},"line":269},"15":{"name":"(anonymous_15)","decl":{"start":{"line":277,"column":56},"end":{"line":277,"column":61}},"loc":{"start":{"line":277,"column":71},"end":{"line":277,"column":85}},"line":277},"16":{"name":"(anonymous_16)","decl":{"start":{"line":283,"column":20},"end":{"line":283,"column":25}},"loc":{"start":{"line":283,"column":35},"end":{"line":283,"column":49}},"line":283},"17":{"name":"createSubmissionFromPayload","decl":{"start":{"line":286,"column":16},"end":{"line":286,"column":null}},"loc":{"start":{"line":289,"column":36},"end":{"line":326,"column":null}},"line":289}},"branchMap":{"0":{"loc":{"start":{"line":74,"column":9},"end":{"line":74,"column":null}},"type":"cond-expr","locations":[{"start":{"line":74,"column":37},"end":{"line":74,"column":49}},{"start":{"line":74,"column":52},"end":{"line":74,"column":null}}],"line":74},"1":{"loc":{"start":{"line":78,"column":9},"end":{"line":78,"column":null}},"type":"binary-expr","locations":[{"start":{"line":78,"column":9},"end":{"line":78,"column":27}},{"start":{"line":78,"column":27},"end":{"line":78,"column":47}},{"start":{"line":78,"column":47},"end":{"line":78,"column":65}},{"start":{"line":78,"column":65},"end":{"line":78,"column":null}}],"line":78},"2":{"loc":{"start":{"line":82,"column":18},"end":{"line":82,"column":98}},"type":"cond-expr","locations":[{"start":{"line":82,"column":41},"end":{"line":82,"column":49}},{"start":{"line":82,"column":49},"end":{"line":82,"column":98}}],"line":82},"3":{"loc":{"start":{"line":82,"column":49},"end":{"line":82,"column":98}},"type":"cond-expr","locations":[{"start":{"line":82,"column":77},"end":{"line":82,"column":93}},{"start":{"line":82,"column":96},"end":{"line":82,"column":98}}],"line":82},"4":{"loc":{"start":{"line":101,"column":23},"end":{"line":105,"column":10}},"type":"cond-expr","locations":[{"start":{"line":102,"column":6},"end":{"line":102,"column":null}},{"start":{"line":103,"column":6},"end":{"line":105,"column":10}}],"line":101},"5":{"loc":{"start":{"line":103,"column":6},"end":{"line":105,"column":10}},"type":"cond-expr","locations":[{"start":{"line":104,"column":8},"end":{"line":104,"column":24}},{"start":{"line":105,"column":8},"end":{"line":105,"column":10}}],"line":103},"6":{"loc":{"start":{"line":119,"column":9},"end":{"line":119,"column":null}},"type":"binary-expr","locations":[{"start":{"line":119,"column":9},"end":{"line":119,"column":16}},{"start":{"line":119,"column":16},"end":{"line":119,"column":null}}],"line":119},"7":{"loc":{"start":{"line":123,"column":2},"end":{"line":124,"column":null}},"type":"if","locations":[{"start":{"line":123,"column":2},"end":{"line":124,"column":null}},{"start":{},"end":{}}],"line":123},"8":{"loc":{"start":{"line":137,"column":2},"end":{"line":137,"column":null}},"type":"if","locations":[{"start":{"line":137,"column":2},"end":{"line":137,"column":null}},{"start":{},"end":{}}],"line":137},"9":{"loc":{"start":{"line":138,"column":2},"end":{"line":138,"column":null}},"type":"if","locations":[{"start":{"line":138,"column":2},"end":{"line":138,"column":null}},{"start":{},"end":{}}],"line":138},"10":{"loc":{"start":{"line":139,"column":2},"end":{"line":139,"column":null}},"type":"if","locations":[{"start":{"line":139,"column":2},"end":{"line":139,"column":null}},{"start":{},"end":{}}],"line":139},"11":{"loc":{"start":{"line":157,"column":21},"end":{"line":157,"column":null}},"type":"binary-expr","locations":[{"start":{"line":157,"column":21},"end":{"line":157,"column":49}},{"start":{"line":157,"column":53},"end":{"line":157,"column":null}}],"line":157},"12":{"loc":{"start":{"line":159,"column":19},"end":{"line":159,"column":null}},"type":"binary-expr","locations":[{"start":{"line":159,"column":19},"end":{"line":159,"column":49}},{"start":{"line":159,"column":53},"end":{"line":159,"column":66}},{"start":{"line":159,"column":66},"end":{"line":159,"column":null}}],"line":159},"13":{"loc":{"start":{"line":172,"column":2},"end":{"line":173,"column":null}},"type":"if","locations":[{"start":{"line":172,"column":2},"end":{"line":173,"column":null}},{"start":{},"end":{}}],"line":172},"14":{"loc":{"start":{"line":172,"column":6},"end":{"line":172,"column":45}},"type":"binary-expr","locations":[{"start":{"line":172,"column":6},"end":{"line":172,"column":26}},{"start":{"line":172,"column":26},"end":{"line":172,"column":45}}],"line":172},"15":{"loc":{"start":{"line":176,"column":2},"end":{"line":177,"column":null}},"type":"if","locations":[{"start":{"line":176,"column":2},"end":{"line":177,"column":null}},{"start":{},"end":{}}],"line":176},"16":{"loc":{"start":{"line":176,"column":6},"end":{"line":176,"column":69}},"type":"binary-expr","locations":[{"start":{"line":176,"column":6},"end":{"line":176,"column":38}},{"start":{"line":176,"column":38},"end":{"line":176,"column":69}}],"line":176},"17":{"loc":{"start":{"line":180,"column":2},"end":{"line":181,"column":null}},"type":"if","locations":[{"start":{"line":180,"column":2},"end":{"line":181,"column":null}},{"start":{},"end":{}}],"line":180},"18":{"loc":{"start":{"line":180,"column":6},"end":{"line":180,"column":60}},"type":"binary-expr","locations":[{"start":{"line":180,"column":6},"end":{"line":180,"column":33}},{"start":{"line":180,"column":33},"end":{"line":180,"column":60}}],"line":180},"19":{"loc":{"start":{"line":184,"column":2},"end":{"line":185,"column":null}},"type":"if","locations":[{"start":{"line":184,"column":2},"end":{"line":185,"column":null}},{"start":{},"end":{}}],"line":184},"20":{"loc":{"start":{"line":184,"column":6},"end":{"line":184,"column":62}},"type":"binary-expr","locations":[{"start":{"line":184,"column":6},"end":{"line":184,"column":34}},{"start":{"line":184,"column":34},"end":{"line":184,"column":62}}],"line":184},"21":{"loc":{"start":{"line":188,"column":2},"end":{"line":189,"column":null}},"type":"if","locations":[{"start":{"line":188,"column":2},"end":{"line":189,"column":null}},{"start":{},"end":{}}],"line":188},"22":{"loc":{"start":{"line":192,"column":2},"end":{"line":193,"column":null}},"type":"if","locations":[{"start":{"line":192,"column":2},"end":{"line":193,"column":null}},{"start":{},"end":{}}],"line":192},"23":{"loc":{"start":{"line":196,"column":2},"end":{"line":197,"column":null}},"type":"if","locations":[{"start":{"line":196,"column":2},"end":{"line":197,"column":null}},{"start":{},"end":{}}],"line":196},"24":{"loc":{"start":{"line":200,"column":2},"end":{"line":201,"column":null}},"type":"if","locations":[{"start":{"line":200,"column":2},"end":{"line":201,"column":null}},{"start":{},"end":{}}],"line":200},"25":{"loc":{"start":{"line":204,"column":2},"end":{"line":205,"column":null}},"type":"if","locations":[{"start":{"line":204,"column":2},"end":{"line":205,"column":null}},{"start":{},"end":{}}],"line":204},"26":{"loc":{"start":{"line":204,"column":6},"end":{"line":204,"column":41}},"type":"binary-expr","locations":[{"start":{"line":204,"column":6},"end":{"line":204,"column":19}},{"start":{"line":204,"column":19},"end":{"line":204,"column":41}}],"line":204},"27":{"loc":{"start":{"line":208,"column":2},"end":{"line":209,"column":null}},"type":"if","locations":[{"start":{"line":208,"column":2},"end":{"line":209,"column":null}},{"start":{},"end":{}}],"line":208},"28":{"loc":{"start":{"line":208,"column":6},"end":{"line":208,"column":47}},"type":"binary-expr","locations":[{"start":{"line":208,"column":6},"end":{"line":208,"column":22}},{"start":{"line":208,"column":22},"end":{"line":208,"column":47}}],"line":208},"29":{"loc":{"start":{"line":212,"column":2},"end":{"line":213,"column":null}},"type":"if","locations":[{"start":{"line":212,"column":2},"end":{"line":213,"column":null}},{"start":{},"end":{}}],"line":212},"30":{"loc":{"start":{"line":212,"column":6},"end":{"line":212,"column":49}},"type":"binary-expr","locations":[{"start":{"line":212,"column":6},"end":{"line":212,"column":23}},{"start":{"line":212,"column":23},"end":{"line":212,"column":49}}],"line":212},"31":{"loc":{"start":{"line":216,"column":2},"end":{"line":217,"column":null}},"type":"if","locations":[{"start":{"line":216,"column":2},"end":{"line":217,"column":null}},{"start":{},"end":{}}],"line":216},"32":{"loc":{"start":{"line":216,"column":6},"end":{"line":216,"column":43}},"type":"binary-expr","locations":[{"start":{"line":216,"column":6},"end":{"line":216,"column":20}},{"start":{"line":216,"column":20},"end":{"line":216,"column":43}}],"line":216},"33":{"loc":{"start":{"line":220,"column":2},"end":{"line":221,"column":null}},"type":"if","locations":[{"start":{"line":220,"column":2},"end":{"line":221,"column":null}},{"start":{},"end":{}}],"line":220},"34":{"loc":{"start":{"line":224,"column":2},"end":{"line":225,"column":null}},"type":"if","locations":[{"start":{"line":224,"column":2},"end":{"line":225,"column":null}},{"start":{},"end":{}}],"line":224},"35":{"loc":{"start":{"line":228,"column":2},"end":{"line":229,"column":null}},"type":"if","locations":[{"start":{"line":228,"column":2},"end":{"line":229,"column":null}},{"start":{},"end":{}}],"line":228},"36":{"loc":{"start":{"line":232,"column":2},"end":{"line":235,"column":null}},"type":"if","locations":[{"start":{"line":232,"column":2},"end":{"line":235,"column":null}},{"start":{},"end":{}}],"line":232},"37":{"loc":{"start":{"line":232,"column":7},"end":{"line":232,"column":85}},"type":"binary-expr","locations":[{"start":{"line":232,"column":7},"end":{"line":232,"column":24}},{"start":{"line":232,"column":24},"end":{"line":232,"column":49}},{"start":{"line":232,"column":49},"end":{"line":232,"column":67}},{"start":{"line":232,"column":67},"end":{"line":232,"column":85}}],"line":232},"38":{"loc":{"start":{"line":238,"column":2},"end":{"line":239,"column":null}},"type":"if","locations":[{"start":{"line":238,"column":2},"end":{"line":239,"column":null}},{"start":{},"end":{}}],"line":238},"39":{"loc":{"start":{"line":251,"column":21},"end":{"line":251,"column":null}},"type":"binary-expr","locations":[{"start":{"line":251,"column":21},"end":{"line":251,"column":38}},{"start":{"line":251,"column":38},"end":{"line":251,"column":null}}],"line":251},"40":{"loc":{"start":{"line":261,"column":22},"end":{"line":261,"column":null}},"type":"binary-expr","locations":[{"start":{"line":261,"column":22},"end":{"line":261,"column":40}},{"start":{"line":261,"column":40},"end":{"line":261,"column":null}}],"line":261},"41":{"loc":{"start":{"line":273,"column":2},"end":{"line":274,"column":null}},"type":"if","locations":[{"start":{"line":273,"column":2},"end":{"line":274,"column":null}},{"start":{},"end":{}}],"line":273},"42":{"loc":{"start":{"line":273,"column":6},"end":{"line":273,"column":60}},"type":"binary-expr","locations":[{"start":{"line":273,"column":6},"end":{"line":273,"column":27}},{"start":{"line":273,"column":27},"end":{"line":273,"column":60}}],"line":273},"43":{"loc":{"start":{"line":279,"column":2},"end":{"line":280,"column":null}},"type":"if","locations":[{"start":{"line":279,"column":2},"end":{"line":280,"column":null}},{"start":{},"end":{}}],"line":279},"44":{"loc":{"start":{"line":279,"column":6},"end":{"line":279,"column":66}},"type":"binary-expr","locations":[{"start":{"line":279,"column":6},"end":{"line":279,"column":38}},{"start":{"line":279,"column":38},"end":{"line":279,"column":66}}],"line":279},"45":{"loc":{"start":{"line":288,"column":2},"end":{"line":288,"column":39}},"type":"default-arg","locations":[{"start":{"line":288,"column":37},"end":{"line":288,"column":39}}],"line":288},"46":{"loc":{"start":{"line":292,"column":2},"end":{"line":293,"column":null}},"type":"if","locations":[{"start":{"line":292,"column":2},"end":{"line":293,"column":null}},{"start":{},"end":{}}],"line":292},"47":{"loc":{"start":{"line":298,"column":8},"end":{"line":298,"column":43}},"type":"binary-expr","locations":[{"start":{"line":298,"column":8},"end":{"line":298,"column":41}},{"start":{"line":298,"column":41},"end":{"line":298,"column":43}}],"line":298},"48":{"loc":{"start":{"line":299,"column":8},"end":{"line":299,"column":36}},"type":"binary-expr","locations":[{"start":{"line":299,"column":8},"end":{"line":299,"column":34}},{"start":{"line":299,"column":34},"end":{"line":299,"column":36}}],"line":299},"49":{"loc":{"start":{"line":310,"column":18},"end":{"line":310,"column":null}},"type":"binary-expr","locations":[{"start":{"line":310,"column":18},"end":{"line":310,"column":40}},{"start":{"line":310,"column":40},"end":{"line":310,"column":null}}],"line":310}},"s":{"0":2,"1":2,"2":2,"3":60,"4":9,"5":3,"6":3,"7":12,"8":12,"9":12,"10":3,"11":3,"12":6,"13":6,"14":3,"15":15,"16":15,"17":12,"18":0,"19":12,"20":12,"21":12,"22":0,"23":2,"24":2,"25":0,"26":0,"27":0,"28":0,"29":0,"30":1,"31":3,"32":3,"33":3,"34":3,"35":3,"36":3,"37":3,"38":3,"39":3,"40":3,"41":3,"42":3,"43":3,"44":3,"45":3,"46":3,"47":3,"48":3,"49":3,"50":3,"51":3,"52":3,"53":0,"54":3,"55":0,"56":3,"57":0,"58":3,"59":0,"60":3,"61":0,"62":3,"63":0,"64":3,"65":0,"66":3,"67":1,"68":3,"69":0,"70":3,"71":0,"72":3,"73":0,"74":3,"75":0,"76":3,"77":0,"78":3,"79":0,"80":3,"81":1,"82":3,"83":0,"84":3,"85":1,"86":2,"87":3,"88":3,"89":3,"90":1,"91":3,"92":2,"93":3,"94":1,"95":3,"96":2,"97":1,"98":1,"99":0,"100":1,"101":1,"102":1},"f":{"0":60,"1":9,"2":3,"3":12,"4":12,"5":12,"6":3,"7":6,"8":6,"9":15,"10":12,"11":2,"12":1,"13":3,"14":3,"15":2,"16":2,"17":1},"b":{"0":[57,3],"1":[9,9,9,7],"2":[0,3],"3":[3,0],"4":[3,0],"5":[0,0],"6":[15,3],"7":[0,12],"8":[2,0],"9":[0,0],"10":[0,0],"11":[3,0],"12":[3,0,0],"13":[0,3],"14":[3,3],"15":[0,3],"16":[3,3],"17":[0,3],"18":[3,3],"19":[0,3],"20":[3,3],"21":[0,3],"22":[0,3],"23":[0,3],"24":[1,2],"25":[0,3],"26":[3,0],"27":[0,3],"28":[3,3],"29":[0,3],"30":[3,3],"31":[0,3],"32":[3,3],"33":[0,3],"34":[0,3],"35":[1,2],"36":[0,3],"37":[3,0,3,0],"38":[1,2],"39":[2,0],"40":[3,0],"41":[1,2],"42":[3,3],"43":[1,2],"44":[3,3],"45":[1],"46":[0,1],"47":[1,0],"48":[1,0],"49":[1,0]},"meta":{"lastBranch":50,"lastFunction":18,"lastStatement":103,"seen":{"s:53:24:62:2":0,"s:64:23:64:97":1,"s:66:25:71:2":2,"f:73:9:73:18":0,"s:74:2:74:Infinity":3,"b:74:37:74:49:74:52:74:Infinity":0,"f:77:9:77:19":1,"s:78:2:78:Infinity":4,"b:78:9:78:27:78:27:78:47:78:47:78:65:78:65:78:Infinity":1,"f:81:9:81:23":2,"s:82:18:82:98":5,"b:82:41:82:49:82:49:82:98":2,"b:82:77:82:93:82:96:82:98":3,"s:84:2:97:Infinity":6,"f:87:9:87:14":3,"s:87:22:87:49":7,"f:88:9:88:17":4,"s:88:25:88:40":8,"f:89:9:89:14":5,"s:90:10:93:19":9,"f:100:9:100:28":6,"s:101:23:105:10":10,"b:102:6:102:Infinity:103:6:105:10":4,"b:104:8:104:24:105:8:105:10":5,"s:107:20:110:Infinity":11,"f:108:5:108:10":7,"s:108:23:108:55":12,"f:109:5:109:13":8,"s:110:6:110:59":13,"s:113:2:113:Infinity":14,"f:116:9:116:22":9,"s:117:14:117:29":15,"s:119:2:119:Infinity":16,"b:119:9:119:16:119:16:119:Infinity":6,"f:122:9:122:20":10,"b:123:2:124:Infinity:undefined:undefined:undefined:undefined":7,"s:123:2:124:Infinity":17,"s:124:4:124:Infinity":18,"s:127:2:132:Infinity":19,"s:128:19:128:33":20,"s:130:4:130:Infinity":21,"s:132:4:132:Infinity":22,"f:136:9:136:24":11,"b:137:2:137:Infinity:undefined:undefined:undefined:undefined":8,"s:137:2:137:Infinity":23,"s:137:38:137:Infinity":24,"b:138:2:138:Infinity:undefined:undefined:undefined:undefined":9,"s:138:2:138:Infinity":25,"s:138:42:138:Infinity":26,"b:139:2:139:Infinity:undefined:undefined:undefined:undefined":10,"s:139:2:139:Infinity":27,"s:139:31:139:Infinity":28,"s:140:2:140:Infinity":29,"f:143:16:143:37":12,"s:144:2:144:Infinity":30,"f:147:16:147:Infinity":13,"s:150:16:150:39":31,"s:151:27:151:61":32,"s:152:22:152:51":33,"s:153:24:153:55":34,"s:154:24:154:55":35,"s:155:23:155:67":36,"s:156:19:156:45":37,"s:157:21:157:Infinity":38,"b:157:21:157:49:157:53:157:Infinity":11,"s:158:20:158:51":39,"s:159:19:159:Infinity":40,"b:159:19:159:49:159:53:159:66:159:66:159:Infinity":12,"s:160:23:160:57":41,"s:161:24:161:59":42,"s:162:29:162:66":43,"s:163:25:163:58":44,"s:164:21:164:53":45,"s:165:25:165:57":46,"s:166:15:166:42":47,"s:167:29:167:75":48,"s:168:24:168:56":49,"s:169:27:169:29":50,"s:170:29:170:31":51,"b:172:2:173:Infinity:undefined:undefined:undefined:undefined":13,"s:172:2:173:Infinity":52,"b:172:6:172:26:172:26:172:45":14,"s:173:4:173:Infinity":53,"b:176:2:177:Infinity:undefined:undefined:undefined:undefined":15,"s:176:2:177:Infinity":54,"b:176:6:176:38:176:38:176:69":16,"s:177:4:177:Infinity":55,"b:180:2:181:Infinity:undefined:undefined:undefined:undefined":17,"s:180:2:181:Infinity":56,"b:180:6:180:33:180:33:180:60":18,"s:181:4:181:Infinity":57,"b:184:2:185:Infinity:undefined:undefined:undefined:undefined":19,"s:184:2:185:Infinity":58,"b:184:6:184:34:184:34:184:62":20,"s:185:4:185:Infinity":59,"b:188:2:189:Infinity:undefined:undefined:undefined:undefined":21,"s:188:2:189:Infinity":60,"s:189:4:189:Infinity":61,"b:192:2:193:Infinity:undefined:undefined:undefined:undefined":22,"s:192:2:193:Infinity":62,"s:193:4:193:Infinity":63,"b:196:2:197:Infinity:undefined:undefined:undefined:undefined":23,"s:196:2:197:Infinity":64,"s:197:4:197:Infinity":65,"b:200:2:201:Infinity:undefined:undefined:undefined:undefined":24,"s:200:2:201:Infinity":66,"s:201:4:201:Infinity":67,"b:204:2:205:Infinity:undefined:undefined:undefined:undefined":25,"s:204:2:205:Infinity":68,"b:204:6:204:19:204:19:204:41":26,"s:205:4:205:Infinity":69,"b:208:2:209:Infinity:undefined:undefined:undefined:undefined":27,"s:208:2:209:Infinity":70,"b:208:6:208:22:208:22:208:47":28,"s:209:4:209:Infinity":71,"b:212:2:213:Infinity:undefined:undefined:undefined:undefined":29,"s:212:2:213:Infinity":72,"b:212:6:212:23:212:23:212:49":30,"s:213:4:213:Infinity":73,"b:216:2:217:Infinity:undefined:undefined:undefined:undefined":31,"s:216:2:217:Infinity":74,"b:216:6:216:20:216:20:216:43":32,"s:217:4:217:Infinity":75,"b:220:2:221:Infinity:undefined:undefined:undefined:undefined":33,"s:220:2:221:Infinity":76,"s:221:4:221:Infinity":77,"b:224:2:225:Infinity:undefined:undefined:undefined:undefined":34,"s:224:2:225:Infinity":78,"s:225:4:225:Infinity":79,"b:228:2:229:Infinity:undefined:undefined:undefined:undefined":35,"s:228:2:229:Infinity":80,"s:229:4:229:Infinity":81,"b:232:2:235:Infinity:undefined:undefined:undefined:undefined":36,"s:232:2:235:Infinity":82,"b:232:7:232:24:232:24:232:49:232:49:232:67:232:67:232:85":37,"s:233:4:235:Infinity":83,"b:238:2:239:Infinity:undefined:undefined:undefined:undefined":38,"s:238:2:239:Infinity":84,"s:239:4:239:Infinity":85,"s:242:2:266:Infinity":86,"b:251:21:251:38:251:38:251:Infinity":39,"b:261:22:261:40:261:40:261:Infinity":40,"f:269:16:269:38":14,"s:270:8:270:42":87,"s:271:33:271:35":88,"b:273:2:274:Infinity:undefined:undefined:undefined:undefined":41,"s:273:2:274:Infinity":89,"b:273:6:273:27:273:27:273:60":42,"s:274:4:274:Infinity":90,"s:277:2:277:Infinity":91,"f:277:56:277:61":15,"s:277:71:277:85":92,"b:279:2:280:Infinity:undefined:undefined:undefined:undefined":43,"s:279:2:280:Infinity":93,"b:279:6:279:38:279:38:279:66":44,"s:280:4:280:Infinity":94,"s:283:2:283:Infinity":95,"f:283:20:283:25":16,"s:283:35:283:49":96,"f:286:16:286:Infinity":17,"b:288:37:288:39":45,"s:290:20:290:54":97,"b:292:2:293:Infinity:undefined:undefined:undefined:undefined":46,"s:292:2:293:Infinity":98,"s:293:4:293:Infinity":99,"s:296:14:296:51":100,"s:297:25:299:Infinity":101,"b:298:8:298:41:298:41:298:43":47,"b:299:8:299:34:299:34:299:36":48,"s:302:2:326:Infinity":102,"b:310:18:310:40:310:40:310:Infinity":49}}}
}
